Preparing seperated binary files
Making model...
Loading model from /home/huang/release/rcan/models_ECCV2018RCAN/RCAN_BIX2.pt

/*********************************************************
 ** The values of all available launch options for IPEX **
 ** IPEX_VERBOSE: 0
 ** IPEX_FORCE_SYNC: 0
 ** IPEX_DISABLE_PROFILING: 0
 ** IPEX_LAZY_REORDER: 0
 ** IPEX_WEIGHT_CACHE: 0
 *********************************************************/

Evaluation:
  0%|                                                     | 0/1 [00:00<?, ?it/s]sigmoid_dpcpp_lite_kernel
sigmoid_dpcpp_lite_kernel
sigmoid_dpcpp_lite_kernel
sigmoid_dpcpp_lite_kernel
sigmoid_dpcpp_lite_kernel
sigmoid_dpcpp_lite_kernel
sigmoid_dpcpp_lite_kernel
sigmoid_dpcpp_lite_kernel
sigmoid_dpcpp_lite_kernel
sigmoid_dpcpp_lite_kernel
sigmoid_dpcpp_lite_kernel
sigmoid_dpcpp_lite_kernel
sigmoid_dpcpp_lite_kernel
sigmoid_dpcpp_lite_kernel
sigmoid_dpcpp_lite_kernel
sigmoid_dpcpp_lite_kernel
sigmoid_dpcpp_lite_kernel
sigmoid_dpcpp_lite_kernel
sigmoid_dpcpp_lite_kernel
sigmoid_dpcpp_lite_kernel
sigmoid_dpcpp_lite_kernel
sigmoid_dpcpp_lite_kernel
sigmoid_dpcpp_lite_kernel
sigmoid_dpcpp_lite_kernel
sigmoid_dpcpp_lite_kernel
sigmoid_dpcpp_lite_kernel
sigmoid_dpcpp_lite_kernel
sigmoid_dpcpp_lite_kernel
sigmoid_dpcpp_lite_kernel
sigmoid_dpcpp_lite_kernel
sigmoid_dpcpp_lite_kernel
sigmoid_dpcpp_lite_kernel
sigmoid_dpcpp_lite_kernel
sigmoid_dpcpp_lite_kernel
sigmoid_dpcpp_lite_kernel
sigmoid_dpcpp_lite_kernel
sigmoid_dpcpp_lite_kernel
sigmoid_dpcpp_lite_kernel
sigmoid_dpcpp_lite_kernel
sigmoid_dpcpp_lite_kernel
sigmoid_dpcpp_lite_kernel
sigmoid_dpcpp_lite_kernel
sigmoid_dpcpp_lite_kernel
sigmoid_dpcpp_lite_kernel
sigmoid_dpcpp_lite_kernel
sigmoid_dpcpp_lite_kernel
sigmoid_dpcpp_lite_kernel
sigmoid_dpcpp_lite_kernel
sigmoid_dpcpp_lite_kernel
sigmoid_dpcpp_lite_kernel
sigmoid_dpcpp_lite_kernel
sigmoid_dpcpp_lite_kernel
sigmoid_dpcpp_lite_kernel
sigmoid_dpcpp_lite_kernel
sigmoid_dpcpp_lite_kernel
sigmoid_dpcpp_lite_kernel
sigmoid_dpcpp_lite_kernel
sigmoid_dpcpp_lite_kernel
sigmoid_dpcpp_lite_kernel
sigmoid_dpcpp_lite_kernel
sigmoid_dpcpp_lite_kernel
sigmoid_dpcpp_lite_kernel
sigmoid_dpcpp_lite_kernel
sigmoid_dpcpp_lite_kernel
sigmoid_dpcpp_lite_kernel
sigmoid_dpcpp_lite_kernel
sigmoid_dpcpp_lite_kernel
sigmoid_dpcpp_lite_kernel
sigmoid_dpcpp_lite_kernel
sigmoid_dpcpp_lite_kernel
sigmoid_dpcpp_lite_kernel
sigmoid_dpcpp_lite_kernel
sigmoid_dpcpp_lite_kernel
sigmoid_dpcpp_lite_kernel
sigmoid_dpcpp_lite_kernel
sigmoid_dpcpp_lite_kernel
sigmoid_dpcpp_lite_kernel
sigmoid_dpcpp_lite_kernel
sigmoid_dpcpp_lite_kernel
sigmoid_dpcpp_lite_kernel
sigmoid_dpcpp_lite_kernel
sigmoid_dpcpp_lite_kernel
sigmoid_dpcpp_lite_kernel
sigmoid_dpcpp_lite_kernel
sigmoid_dpcpp_lite_kernel
sigmoid_dpcpp_lite_kernel
sigmoid_dpcpp_lite_kernel
sigmoid_dpcpp_lite_kernel
sigmoid_dpcpp_lite_kernel
sigmoid_dpcpp_lite_kernel
sigmoid_dpcpp_lite_kernel
sigmoid_dpcpp_lite_kernel
sigmoid_dpcpp_lite_kernel
sigmoid_dpcpp_lite_kernel
sigmoid_dpcpp_lite_kernel
sigmoid_dpcpp_lite_kernel
sigmoid_dpcpp_lite_kernel
sigmoid_dpcpp_lite_kernel
sigmoid_dpcpp_lite_kernel
sigmoid_dpcpp_lite_kernel
sigmoid_dpcpp_lite_kernel
sigmoid_dpcpp_lite_kernel
sigmoid_dpcpp_lite_kernel
sigmoid_dpcpp_lite_kernel
sigmoid_dpcpp_lite_kernel
sigmoid_dpcpp_lite_kernel
sigmoid_dpcpp_lite_kernel
sigmoid_dpcpp_lite_kernel
sigmoid_dpcpp_lite_kernel
sigmoid_dpcpp_lite_kernel
sigmoid_dpcpp_lite_kernel
sigmoid_dpcpp_lite_kernel
sigmoid_dpcpp_lite_kernel
sigmoid_dpcpp_lite_kernel
sigmoid_dpcpp_lite_kernel
sigmoid_dpcpp_lite_kernel
sigmoid_dpcpp_lite_kernel
sigmoid_dpcpp_lite_kernel
sigmoid_dpcpp_lite_kernel
sigmoid_dpcpp_lite_kernel
sigmoid_dpcpp_lite_kernel
sigmoid_dpcpp_lite_kernel
sigmoid_dpcpp_lite_kernel
sigmoid_dpcpp_lite_kernel
sigmoid_dpcpp_lite_kernel
sigmoid_dpcpp_lite_kernel
sigmoid_dpcpp_lite_kernel
sigmoid_dpcpp_lite_kernel
sigmoid_dpcpp_lite_kernel
sigmoid_dpcpp_lite_kernel
sigmoid_dpcpp_lite_kernel
sigmoid_dpcpp_lite_kernel
sigmoid_dpcpp_lite_kernel
sigmoid_dpcpp_lite_kernel
sigmoid_dpcpp_lite_kernel
sigmoid_dpcpp_lite_kernel
sigmoid_dpcpp_lite_kernel
sigmoid_dpcpp_lite_kernel
sigmoid_dpcpp_lite_kernel
sigmoid_dpcpp_lite_kernel
sigmoid_dpcpp_lite_kernel
sigmoid_dpcpp_lite_kernel
sigmoid_dpcpp_lite_kernel
sigmoid_dpcpp_lite_kernel
sigmoid_dpcpp_lite_kernel
sigmoid_dpcpp_lite_kernel
sigmoid_dpcpp_lite_kernel
sigmoid_dpcpp_lite_kernel
sigmoid_dpcpp_lite_kernel
sigmoid_dpcpp_lite_kernel
sigmoid_dpcpp_lite_kernel
sigmoid_dpcpp_lite_kernel
sigmoid_dpcpp_lite_kernel
sigmoid_dpcpp_lite_kernel
sigmoid_dpcpp_lite_kernel
sigmoid_dpcpp_lite_kernel
sigmoid_dpcpp_lite_kernel
sigmoid_dpcpp_lite_kernel
sigmoid_dpcpp_lite_kernel
sigmoid_dpcpp_lite_kernel
sigmoid_dpcpp_lite_kernel
sigmoid_dpcpp_lite_kernel
sigmoid_dpcpp_lite_kernel
sigmoid_dpcpp_lite_kernel
sigmoid_dpcpp_lite_kernel
sigmoid_dpcpp_lite_kernel
sigmoid_dpcpp_lite_kernel
sigmoid_dpcpp_lite_kernel
sigmoid_dpcpp_lite_kernel
sigmoid_dpcpp_lite_kernel
sigmoid_dpcpp_lite_kernel
sigmoid_dpcpp_lite_kernel
sigmoid_dpcpp_lite_kernel
sigmoid_dpcpp_lite_kernel
sigmoid_dpcpp_lite_kernel
sigmoid_dpcpp_lite_kernel
sigmoid_dpcpp_lite_kernel
sigmoid_dpcpp_lite_kernel
sigmoid_dpcpp_lite_kernel
sigmoid_dpcpp_lite_kernel
sigmoid_dpcpp_lite_kernel
sigmoid_dpcpp_lite_kernel
sigmoid_dpcpp_lite_kernel
sigmoid_dpcpp_lite_kernel
sigmoid_dpcpp_lite_kernel
sigmoid_dpcpp_lite_kernel
sigmoid_dpcpp_lite_kernel
sigmoid_dpcpp_lite_kernel
sigmoid_dpcpp_lite_kernel
sigmoid_dpcpp_lite_kernel
sigmoid_dpcpp_lite_kernel
sigmoid_dpcpp_lite_kernel
sigmoid_dpcpp_lite_kernel
sigmoid_dpcpp_lite_kernel
sigmoid_dpcpp_lite_kernel
sigmoid_dpcpp_lite_kernel
sigmoid_dpcpp_lite_kernel
sigmoid_dpcpp_lite_kernel
sigmoid_dpcpp_lite_kernel
sigmoid_dpcpp_lite_kernel
sigmoid_dpcpp_lite_kernel
sigmoid_dpcpp_lite_kernel
sigmoid_dpcpp_lite_kernel
sigmoid_dpcpp_lite_kernel
sigmoid_dpcpp_lite_kernel
sigmoid_dpcpp_lite_kernel
sigmoid_dpcpp_lite_kernel
sigmoid_dpcpp_lite_kernel
sigmoid_dpcpp_lite_kernel
sigmoid_dpcpp_lite_kernel
sigmoid_dpcpp_lite_kernel
sigmoid_dpcpp_lite_kernel
sigmoid_dpcpp_lite_kernel
sigmoid_dpcpp_lite_kernel
sigmoid_dpcpp_lite_kernel
sigmoid_dpcpp_lite_kernel
sigmoid_dpcpp_lite_kernel
sigmoid_dpcpp_lite_kernel
sigmoid_dpcpp_lite_kernel
sigmoid_dpcpp_lite_kernel
sigmoid_dpcpp_lite_kernel
sigmoid_dpcpp_lite_kernel
sigmoid_dpcpp_lite_kernel
sigmoid_dpcpp_lite_kernel
sigmoid_dpcpp_lite_kernel
sigmoid_dpcpp_lite_kernel
sigmoid_dpcpp_lite_kernel
sigmoid_dpcpp_lite_kernel
sigmoid_dpcpp_lite_kernel
sigmoid_dpcpp_lite_kernel
sigmoid_dpcpp_lite_kernel
sigmoid_dpcpp_lite_kernel
sigmoid_dpcpp_lite_kernel
sigmoid_dpcpp_lite_kernel
sigmoid_dpcpp_lite_kernel
sigmoid_dpcpp_lite_kernel
sigmoid_dpcpp_lite_kernel
sigmoid_dpcpp_lite_kernel
sigmoid_dpcpp_lite_kernel
sigmoid_dpcpp_lite_kernel
sigmoid_dpcpp_lite_kernel
sigmoid_dpcpp_lite_kernel
sigmoid_dpcpp_lite_kernel
sigmoid_dpcpp_lite_kernel
sigmoid_dpcpp_lite_kernel
sigmoid_dpcpp_lite_kernel
sigmoid_dpcpp_lite_kernel
sigmoid_dpcpp_lite_kernel
sigmoid_dpcpp_lite_kernel
sigmoid_dpcpp_lite_kernel
sigmoid_dpcpp_lite_kernel
sigmoid_dpcpp_lite_kernel
sigmoid_dpcpp_lite_kernel
sigmoid_dpcpp_lite_kernel
sigmoid_dpcpp_lite_kernel
sigmoid_dpcpp_lite_kernel
sigmoid_dpcpp_lite_kernel
sigmoid_dpcpp_lite_kernel
sigmoid_dpcpp_lite_kernel
sigmoid_dpcpp_lite_kernel
sigmoid_dpcpp_lite_kernel
sigmoid_dpcpp_lite_kernel
sigmoid_dpcpp_lite_kernel
sigmoid_dpcpp_lite_kernel
sigmoid_dpcpp_lite_kernel
sigmoid_dpcpp_lite_kernel
sigmoid_dpcpp_lite_kernel
sigmoid_dpcpp_lite_kernel
sigmoid_dpcpp_lite_kernel
sigmoid_dpcpp_lite_kernel
sigmoid_dpcpp_lite_kernel
sigmoid_dpcpp_lite_kernel
sigmoid_dpcpp_lite_kernel
sigmoid_dpcpp_lite_kernel
sigmoid_dpcpp_lite_kernel
sigmoid_dpcpp_lite_kernel
sigmoid_dpcpp_lite_kernel
sigmoid_dpcpp_lite_kernel
sigmoid_dpcpp_lite_kernel
sigmoid_dpcpp_lite_kernel
sigmoid_dpcpp_lite_kernel
sigmoid_dpcpp_lite_kernel
sigmoid_dpcpp_lite_kernel
sigmoid_dpcpp_lite_kernel
sigmoid_dpcpp_lite_kernel
sigmoid_dpcpp_lite_kernel
sigmoid_dpcpp_lite_kernel
sigmoid_dpcpp_lite_kernel
sigmoid_dpcpp_lite_kernel
sigmoid_dpcpp_lite_kernel
sigmoid_dpcpp_lite_kernel
sigmoid_dpcpp_lite_kernel
sigmoid_dpcpp_lite_kernel
sigmoid_dpcpp_lite_kernel
sigmoid_dpcpp_lite_kernel
sigmoid_dpcpp_lite_kernel
sigmoid_dpcpp_lite_kernel
sigmoid_dpcpp_lite_kernel
sigmoid_dpcpp_lite_kernel
sigmoid_dpcpp_lite_kernel
sigmoid_dpcpp_lite_kernel
sigmoid_dpcpp_lite_kernel
sigmoid_dpcpp_lite_kernel
sigmoid_dpcpp_lite_kernel
sigmoid_dpcpp_lite_kernel
sigmoid_dpcpp_lite_kernel
sigmoid_dpcpp_lite_kernel
sigmoid_dpcpp_lite_kernel
sigmoid_dpcpp_lite_kernel
sigmoid_dpcpp_lite_kernel
sigmoid_dpcpp_lite_kernel
sigmoid_dpcpp_lite_kernel
sigmoid_dpcpp_lite_kernel
sigmoid_dpcpp_lite_kernel
sigmoid_dpcpp_lite_kernel
sigmoid_dpcpp_lite_kernel
sigmoid_dpcpp_lite_kernel
sigmoid_dpcpp_lite_kernel
sigmoid_dpcpp_lite_kernel
sigmoid_dpcpp_lite_kernel
sigmoid_dpcpp_lite_kernel
sigmoid_dpcpp_lite_kernel
sigmoid_dpcpp_lite_kernel
sigmoid_dpcpp_lite_kernel
sigmoid_dpcpp_lite_kernel
sigmoid_dpcpp_lite_kernel
sigmoid_dpcpp_lite_kernel
sigmoid_dpcpp_lite_kernel
sigmoid_dpcpp_lite_kernel
sigmoid_dpcpp_lite_kernel
sigmoid_dpcpp_lite_kernel
sigmoid_dpcpp_lite_kernel
sigmoid_dpcpp_lite_kernel
sigmoid_dpcpp_lite_kernel
sigmoid_dpcpp_lite_kernel
sigmoid_dpcpp_lite_kernel
sigmoid_dpcpp_lite_kernel
sigmoid_dpcpp_lite_kernel
sigmoid_dpcpp_lite_kernel
sigmoid_dpcpp_lite_kernel
sigmoid_dpcpp_lite_kernel
sigmoid_dpcpp_lite_kernel
sigmoid_dpcpp_lite_kernel
sigmoid_dpcpp_lite_kernel
sigmoid_dpcpp_lite_kernel
sigmoid_dpcpp_lite_kernel
sigmoid_dpcpp_lite_kernel
sigmoid_dpcpp_lite_kernel
sigmoid_dpcpp_lite_kernel
sigmoid_dpcpp_lite_kernel
sigmoid_dpcpp_lite_kernel
sigmoid_dpcpp_lite_kernel
sigmoid_dpcpp_lite_kernel
sigmoid_dpcpp_lite_kernel
sigmoid_dpcpp_lite_kernel
sigmoid_dpcpp_lite_kernel
sigmoid_dpcpp_lite_kernel
sigmoid_dpcpp_lite_kernel
sigmoid_dpcpp_lite_kernel
sigmoid_dpcpp_lite_kernel
sigmoid_dpcpp_lite_kernel
sigmoid_dpcpp_lite_kernel
sigmoid_dpcpp_lite_kernel
sigmoid_dpcpp_lite_kernel
sigmoid_dpcpp_lite_kernel
sigmoid_dpcpp_lite_kernel
sigmoid_dpcpp_lite_kernel
sigmoid_dpcpp_lite_kernel
sigmoid_dpcpp_lite_kernel
sigmoid_dpcpp_lite_kernel
sigmoid_dpcpp_lite_kernel
sigmoid_dpcpp_lite_kernel
sigmoid_dpcpp_lite_kernel
sigmoid_dpcpp_lite_kernel
sigmoid_dpcpp_lite_kernel
sigmoid_dpcpp_lite_kernel
sigmoid_dpcpp_lite_kernel
sigmoid_dpcpp_lite_kernel
sigmoid_dpcpp_lite_kernel
sigmoid_dpcpp_lite_kernel
sigmoid_dpcpp_lite_kernel
sigmoid_dpcpp_lite_kernel
sigmoid_dpcpp_lite_kernel
sigmoid_dpcpp_lite_kernel
sigmoid_dpcpp_lite_kernel
sigmoid_dpcpp_lite_kernel
sigmoid_dpcpp_lite_kernel
sigmoid_dpcpp_lite_kernel
sigmoid_dpcpp_lite_kernel
sigmoid_dpcpp_lite_kernel
sigmoid_dpcpp_lite_kernel
sigmoid_dpcpp_lite_kernel
sigmoid_dpcpp_lite_kernel
sigmoid_dpcpp_lite_kernel
sigmoid_dpcpp_lite_kernel
sigmoid_dpcpp_lite_kernel
sigmoid_dpcpp_lite_kernel
sigmoid_dpcpp_lite_kernel
sigmoid_dpcpp_lite_kernel
sigmoid_dpcpp_lite_kernel
sigmoid_dpcpp_lite_kernel
sigmoid_dpcpp_lite_kernel
sigmoid_dpcpp_lite_kernel
sigmoid_dpcpp_lite_kernel
sigmoid_dpcpp_lite_kernel
sigmoid_dpcpp_lite_kernel
sigmoid_dpcpp_lite_kernel
sigmoid_dpcpp_lite_kernel
sigmoid_dpcpp_lite_kernel
sigmoid_dpcpp_lite_kernel
sigmoid_dpcpp_lite_kernel
sigmoid_dpcpp_lite_kernel
sigmoid_dpcpp_lite_kernel
sigmoid_dpcpp_lite_kernel
sigmoid_dpcpp_lite_kernel
sigmoid_dpcpp_lite_kernel
sigmoid_dpcpp_lite_kernel
sigmoid_dpcpp_lite_kernel
sigmoid_dpcpp_lite_kernel
sigmoid_dpcpp_lite_kernel
sigmoid_dpcpp_lite_kernel
sigmoid_dpcpp_lite_kernel
sigmoid_dpcpp_lite_kernel
sigmoid_dpcpp_lite_kernel
sigmoid_dpcpp_lite_kernel
sigmoid_dpcpp_lite_kernel
sigmoid_dpcpp_lite_kernel
sigmoid_dpcpp_lite_kernel
sigmoid_dpcpp_lite_kernel
sigmoid_dpcpp_lite_kernel
sigmoid_dpcpp_lite_kernel
sigmoid_dpcpp_lite_kernel
sigmoid_dpcpp_lite_kernel
sigmoid_dpcpp_lite_kernel
sigmoid_dpcpp_lite_kernel
sigmoid_dpcpp_lite_kernel
sigmoid_dpcpp_lite_kernel
sigmoid_dpcpp_lite_kernel
sigmoid_dpcpp_lite_kernel
sigmoid_dpcpp_lite_kernel
sigmoid_dpcpp_lite_kernel
sigmoid_dpcpp_lite_kernel
sigmoid_dpcpp_lite_kernel
sigmoid_dpcpp_lite_kernel
sigmoid_dpcpp_lite_kernel
sigmoid_dpcpp_lite_kernel
sigmoid_dpcpp_lite_kernel
sigmoid_dpcpp_lite_kernel
sigmoid_dpcpp_lite_kernel
sigmoid_dpcpp_lite_kernel
sigmoid_dpcpp_lite_kernel
sigmoid_dpcpp_lite_kernel
sigmoid_dpcpp_lite_kernel
sigmoid_dpcpp_lite_kernel
sigmoid_dpcpp_lite_kernel
sigmoid_dpcpp_lite_kernel
sigmoid_dpcpp_lite_kernel
sigmoid_dpcpp_lite_kernel
sigmoid_dpcpp_lite_kernel
sigmoid_dpcpp_lite_kernel
sigmoid_dpcpp_lite_kernel
sigmoid_dpcpp_lite_kernel
sigmoid_dpcpp_lite_kernel
sigmoid_dpcpp_lite_kernel
sigmoid_dpcpp_lite_kernel
sigmoid_dpcpp_lite_kernel
sigmoid_dpcpp_lite_kernel
sigmoid_dpcpp_lite_kernel
sigmoid_dpcpp_lite_kernel
sigmoid_dpcpp_lite_kernel
sigmoid_dpcpp_lite_kernel
sigmoid_dpcpp_lite_kernel
sigmoid_dpcpp_lite_kernel
sigmoid_dpcpp_lite_kernel
sigmoid_dpcpp_lite_kernel
sigmoid_dpcpp_lite_kernel
sigmoid_dpcpp_lite_kernel
sigmoid_dpcpp_lite_kernel
sigmoid_dpcpp_lite_kernel
sigmoid_dpcpp_lite_kernel
sigmoid_dpcpp_lite_kernel
sigmoid_dpcpp_lite_kernel
sigmoid_dpcpp_lite_kernel
sigmoid_dpcpp_lite_kernel
sigmoid_dpcpp_lite_kernel
sigmoid_dpcpp_lite_kernel
sigmoid_dpcpp_lite_kernel
sigmoid_dpcpp_lite_kernel
sigmoid_dpcpp_lite_kernel
sigmoid_dpcpp_lite_kernel
sigmoid_dpcpp_lite_kernel
sigmoid_dpcpp_lite_kernel
sigmoid_dpcpp_lite_kernel
sigmoid_dpcpp_lite_kernel
sigmoid_dpcpp_lite_kernel
sigmoid_dpcpp_lite_kernel
sigmoid_dpcpp_lite_kernel
sigmoid_dpcpp_lite_kernel
sigmoid_dpcpp_lite_kernel
sigmoid_dpcpp_lite_kernel
sigmoid_dpcpp_lite_kernel
sigmoid_dpcpp_lite_kernel
sigmoid_dpcpp_lite_kernel
sigmoid_dpcpp_lite_kernel
sigmoid_dpcpp_lite_kernel
sigmoid_dpcpp_lite_kernel
sigmoid_dpcpp_lite_kernel
sigmoid_dpcpp_lite_kernel
sigmoid_dpcpp_lite_kernel
sigmoid_dpcpp_lite_kernel
sigmoid_dpcpp_lite_kernel
sigmoid_dpcpp_lite_kernel
sigmoid_dpcpp_lite_kernel
sigmoid_dpcpp_lite_kernel
sigmoid_dpcpp_lite_kernel
sigmoid_dpcpp_lite_kernel
sigmoid_dpcpp_lite_kernel
sigmoid_dpcpp_lite_kernel
sigmoid_dpcpp_lite_kernel
sigmoid_dpcpp_lite_kernel
sigmoid_dpcpp_lite_kernel
sigmoid_dpcpp_lite_kernel
sigmoid_dpcpp_lite_kernel
sigmoid_dpcpp_lite_kernel
sigmoid_dpcpp_lite_kernel
sigmoid_dpcpp_lite_kernel
sigmoid_dpcpp_lite_kernel
sigmoid_dpcpp_lite_kernel
sigmoid_dpcpp_lite_kernel
sigmoid_dpcpp_lite_kernel
sigmoid_dpcpp_lite_kernel
sigmoid_dpcpp_lite_kernel
sigmoid_dpcpp_lite_kernel
sigmoid_dpcpp_lite_kernel
sigmoid_dpcpp_lite_kernel
sigmoid_dpcpp_lite_kernel
sigmoid_dpcpp_lite_kernel
sigmoid_dpcpp_lite_kernel
sigmoid_dpcpp_lite_kernel
sigmoid_dpcpp_lite_kernel
sigmoid_dpcpp_lite_kernel
sigmoid_dpcpp_lite_kernel
sigmoid_dpcpp_lite_kernel
sigmoid_dpcpp_lite_kernel
sigmoid_dpcpp_lite_kernel
sigmoid_dpcpp_lite_kernel
sigmoid_dpcpp_lite_kernel
sigmoid_dpcpp_lite_kernel
sigmoid_dpcpp_lite_kernel
sigmoid_dpcpp_lite_kernel
sigmoid_dpcpp_lite_kernel
sigmoid_dpcpp_lite_kernel
sigmoid_dpcpp_lite_kernel
sigmoid_dpcpp_lite_kernel
sigmoid_dpcpp_lite_kernel
sigmoid_dpcpp_lite_kernel
sigmoid_dpcpp_lite_kernel
sigmoid_dpcpp_lite_kernel
sigmoid_dpcpp_lite_kernel
sigmoid_dpcpp_lite_kernel
sigmoid_dpcpp_lite_kernel
sigmoid_dpcpp_lite_kernel
sigmoid_dpcpp_lite_kernel
sigmoid_dpcpp_lite_kernel
sigmoid_dpcpp_lite_kernel
sigmoid_dpcpp_lite_kernel
sigmoid_dpcpp_lite_kernel
sigmoid_dpcpp_lite_kernel
sigmoid_dpcpp_lite_kernel
sigmoid_dpcpp_lite_kernel
sigmoid_dpcpp_lite_kernel
sigmoid_dpcpp_lite_kernel
sigmoid_dpcpp_lite_kernel
sigmoid_dpcpp_lite_kernel
sigmoid_dpcpp_lite_kernel
sigmoid_dpcpp_lite_kernel
sigmoid_dpcpp_lite_kernel
sigmoid_dpcpp_lite_kernel
sigmoid_dpcpp_lite_kernel
sigmoid_dpcpp_lite_kernel
sigmoid_dpcpp_lite_kernel
sigmoid_dpcpp_lite_kernel
sigmoid_dpcpp_lite_kernel
sigmoid_dpcpp_lite_kernel
sigmoid_dpcpp_lite_kernel
sigmoid_dpcpp_lite_kernel
sigmoid_dpcpp_lite_kernel
sigmoid_dpcpp_lite_kernel
sigmoid_dpcpp_lite_kernel
sigmoid_dpcpp_lite_kernel
sigmoid_dpcpp_lite_kernel
sigmoid_dpcpp_lite_kernel
sigmoid_dpcpp_lite_kernel
sigmoid_dpcpp_lite_kernel
sigmoid_dpcpp_lite_kernel
sigmoid_dpcpp_lite_kernel
sigmoid_dpcpp_lite_kernel
sigmoid_dpcpp_lite_kernel
sigmoid_dpcpp_lite_kernel
sigmoid_dpcpp_lite_kernel
sigmoid_dpcpp_lite_kernel
sigmoid_dpcpp_lite_kernel
sigmoid_dpcpp_lite_kernel
sigmoid_dpcpp_lite_kernel
sigmoid_dpcpp_lite_kernel
sigmoid_dpcpp_lite_kernel
sigmoid_dpcpp_lite_kernel
sigmoid_dpcpp_lite_kernel
sigmoid_dpcpp_lite_kernel
sigmoid_dpcpp_lite_kernel
sigmoid_dpcpp_lite_kernel
sigmoid_dpcpp_lite_kernel
sigmoid_dpcpp_lite_kernel
sigmoid_dpcpp_lite_kernel
sigmoid_dpcpp_lite_kernel
sigmoid_dpcpp_lite_kernel
sigmoid_dpcpp_lite_kernel
sigmoid_dpcpp_lite_kernel
sigmoid_dpcpp_lite_kernel
sigmoid_dpcpp_lite_kernel
sigmoid_dpcpp_lite_kernel
sigmoid_dpcpp_lite_kernel
sigmoid_dpcpp_lite_kernel
sigmoid_dpcpp_lite_kernel
sigmoid_dpcpp_lite_kernel
sigmoid_dpcpp_lite_kernel
sigmoid_dpcpp_lite_kernel
sigmoid_dpcpp_lite_kernel
sigmoid_dpcpp_lite_kernel
sigmoid_dpcpp_lite_kernel
sigmoid_dpcpp_lite_kernel
sigmoid_dpcpp_lite_kernel
sigmoid_dpcpp_lite_kernel
sigmoid_dpcpp_lite_kernel
sigmoid_dpcpp_lite_kernel
sigmoid_dpcpp_lite_kernel
sigmoid_dpcpp_lite_kernel
sigmoid_dpcpp_lite_kernel
sigmoid_dpcpp_lite_kernel
sigmoid_dpcpp_lite_kernel
100%|████████████████████████████████████████████| 1/1 [06:30<00:00, 390.61s/it]100%|████████████████████████████████████████████| 1/1 [06:30<00:00, 390.61s/it]
[DIV2K x2]	PSNR: 16.104 (Best: 16.104 @epoch 1)
Total time: 390.61s

